2022-03-13 11:19:04,589 - config.doExcel - INFO - 开始获取[elementDate.xlsx]的[elementsInfo]表
2022-03-13 11:19:04,610 - config.doExcel - INFO - 开始获取[elementDate.xlsx]的[elementsInfo]表
2022-03-13 11:19:04,621 - config.doExcel - INFO - 开始获取[elementDate.xlsx]的[createCourseData]表
2022-03-13 11:19:04,630 - config.doExcel - INFO - 创建表[createCourseData]的数据字典
2022-03-13 11:19:05,980 - common.myUnit - INFO - 打开浏览器
2022-03-13 11:19:09,319 - common.myUnit - INFO - ************************ 开始执行测试用例 ************************
2022-03-13 11:19:13,358 - common.myUnit - INFO - ************************ 测试用例执行结束 ************************
2022-03-13 11:19:13,360 - common.myUnit - INFO - ************************ 开始执行测试用例 ************************
2022-03-13 11:19:17,258 - common.myUnit - INFO - ************************ 测试用例执行结束 ************************
2022-03-13 11:19:17,261 - common.myUnit - INFO - ************************ 开始执行测试用例 ************************
2022-03-13 11:19:21,258 - common.myUnit - INFO - ************************ 测试用例执行结束 ************************
2022-03-13 11:19:21,366 - common.myUnit - INFO - ************************ 开始执行测试用例 ************************
2022-03-13 11:19:25,193 - common.myUnit - INFO - ************************ 测试用例执行结束 ************************
2022-03-13 11:19:25,194 - common.myUnit - INFO - ************************ 开始执行测试用例 ************************
2022-03-13 11:19:29,131 - common.myUnit - INFO - ************************ 测试用例执行结束 ************************
2022-03-13 11:19:29,132 - common.myUnit - INFO - ************************ 开始执行测试用例 ************************
2022-03-13 11:19:33,086 - common.myUnit - INFO - ************************ 测试用例执行结束 ************************
2022-03-13 11:19:33,089 - common.myUnit - INFO - ************************ 开始执行测试用例 ************************
2022-03-13 11:19:36,929 - common.myUnit - INFO - ************************ 测试用例执行结束 ************************
2022-03-13 11:19:36,932 - common.myUnit - INFO - ************************ 开始执行测试用例 ************************
2022-03-13 11:19:40,778 - common.myUnit - INFO - ************************ 测试用例执行结束 ************************
2022-03-13 11:19:40,781 - common.myUnit - INFO - ************************ 开始执行测试用例 ************************
2022-03-13 11:19:44,583 - common.myUnit - INFO - ************************ 测试用例执行结束 ************************
2022-03-13 11:19:44,584 - common.myUnit - INFO - ************************ 开始执行测试用例 ************************
2022-03-13 11:19:48,394 - common.myUnit - INFO - ************************ 测试用例执行结束 ************************
2022-03-13 11:19:48,399 - common.myUnit - INFO - ************************ 开始执行测试用例 ************************
2022-03-13 11:19:52,201 - common.myUnit - INFO - ************************ 测试用例执行结束 ************************
2022-03-13 11:19:52,203 - common.myUnit - INFO - ************************ 开始执行测试用例 ************************
2022-03-13 11:19:56,031 - common.myUnit - INFO - ************************ 测试用例执行结束 ************************
2022-03-13 11:19:56,034 - common.myUnit - INFO - ************************ 开始执行测试用例 ************************
2022-03-13 11:19:59,813 - common.myUnit - INFO - ************************ 测试用例执行结束 ************************
2022-03-13 11:19:59,816 - common.myUnit - INFO - ************************ 开始执行测试用例 ************************
2022-03-13 11:20:03,660 - common.myUnit - INFO - ************************ 测试用例执行结束 ************************
2022-03-13 11:20:03,661 - common.myUnit - INFO - ************************ 开始执行测试用例 ************************
2022-03-13 11:20:07,492 - common.myUnit - INFO - ************************ 测试用例执行结束 ************************
2022-03-13 11:20:07,494 - common.myUnit - INFO - ************************ 开始执行测试用例 ************************
2022-03-13 11:20:11,282 - common.myUnit - INFO - ************************ 测试用例执行结束 ************************
2022-03-13 11:20:11,284 - common.myUnit - INFO - ************************ 开始执行测试用例 ************************
2022-03-13 11:20:15,096 - common.myUnit - INFO - ************************ 测试用例执行结束 ************************
2022-03-13 11:20:15,098 - common.myUnit - INFO - ************************ 开始执行测试用例 ************************
2022-03-13 11:20:18,887 - common.myUnit - INFO - ************************ 测试用例执行结束 ************************
2022-03-13 11:20:18,887 - common.myUnit - INFO - ************************ 开始执行测试用例 ************************
2022-03-13 11:20:22,748 - common.myUnit - INFO - ************************ 测试用例执行结束 ************************
2022-03-13 11:20:22,750 - common.myUnit - INFO - ************************ 开始执行测试用例 ************************
2022-03-13 11:20:26,478 - common.myUnit - INFO - ************************ 测试用例执行结束 ************************
2022-03-13 11:20:26,480 - common.myUnit - INFO - ************************ 开始执行测试用例 ************************
2022-03-13 11:20:30,279 - common.myUnit - INFO - ************************ 测试用例执行结束 ************************
2022-03-13 11:20:30,280 - common.myUnit - INFO - ************************ 开始执行测试用例 ************************
2022-03-13 11:20:34,121 - common.myUnit - INFO - ************************ 测试用例执行结束 ************************
2022-03-13 11:20:34,122 - common.myUnit - INFO - ************************ 开始执行测试用例 ************************
2022-03-13 11:20:37,940 - common.myUnit - INFO - ************************ 测试用例执行结束 ************************
2022-03-13 11:20:37,941 - common.myUnit - INFO - ************************ 开始执行测试用例 ************************
2022-03-13 11:20:41,786 - common.myUnit - INFO - ************************ 测试用例执行结束 ************************
2022-03-13 11:20:41,792 - common.myUnit - INFO - ************************ 开始执行测试用例 ************************
2022-03-13 11:20:45,577 - common.myUnit - INFO - ************************ 测试用例执行结束 ************************
2022-03-13 11:20:47,812 - common.myUnit - INFO - 退出浏览器
