2022-03-26 19:21:21,967 - config.doExcel - INFO - 开始获取[elementDate.xlsx]的[elementsInfo]表
2022-03-26 19:21:22,031 - config.doExcel - INFO - 开始获取[elementDate.xlsx]的[elementsInfo]表
2022-03-26 19:21:22,056 - config.doExcel - INFO - 开始获取[elementDate.xlsx]的[elementsInfo]表
2022-03-26 19:21:22,088 - config.doExcel - INFO - 开始获取[elementDate.xlsx]的[elementsInfo]表
2022-03-26 19:21:22,110 - config.doExcel - INFO - 开始获取[elementDate.xlsx]的[createCourseData]表
2022-03-26 19:21:22,131 - config.doExcel - INFO - 创建表[createCourseData]的数据字典
2022-03-26 19:21:22,132 - config.doExcel - INFO - 开始获取[elementDate.xlsx]的[searchData]表
2022-03-26 19:21:22,154 - config.doExcel - INFO - 创建表[searchData]的数据字典
2022-03-26 19:21:22,154 - config.doExcel - INFO - 开始获取[elementDate.xlsx]的[auditCourseData]表
2022-03-26 19:21:22,179 - config.doExcel - INFO - 创建表[auditCourseData]的数据字典
2022-03-26 19:21:23,558 - common.myUnit - INFO - 打开浏览器
2022-03-26 19:21:27,015 - common.myUnit - INFO - ************************ 开始执行测试用例 ************************
2022-03-26 19:21:31,110 - common.myUnit - INFO - ************************ 测试用例执行结束 ************************
2022-03-26 19:21:31,111 - common.myUnit - INFO - ************************ 开始执行测试用例 ************************
2022-03-26 19:21:35,015 - common.myUnit - INFO - ************************ 测试用例执行结束 ************************
2022-03-26 19:21:35,015 - common.myUnit - INFO - ************************ 开始执行测试用例 ************************
2022-03-26 19:21:38,980 - common.myUnit - INFO - ************************ 测试用例执行结束 ************************
2022-03-26 19:21:38,985 - common.myUnit - INFO - ************************ 开始执行测试用例 ************************
2022-03-26 19:21:43,097 - common.myUnit - INFO - ************************ 测试用例执行结束 ************************
2022-03-26 19:21:43,097 - common.myUnit - INFO - ************************ 开始执行测试用例 ************************
2022-03-26 19:21:47,227 - common.myUnit - INFO - ************************ 测试用例执行结束 ************************
2022-03-26 19:21:47,229 - common.myUnit - INFO - ************************ 开始执行测试用例 ************************
2022-03-26 19:21:51,168 - common.myUnit - INFO - ************************ 测试用例执行结束 ************************
2022-03-26 19:21:51,169 - common.myUnit - INFO - ************************ 开始执行测试用例 ************************
2022-03-26 19:21:55,066 - common.myUnit - INFO - ************************ 测试用例执行结束 ************************
2022-03-26 19:21:55,066 - common.myUnit - INFO - ************************ 开始执行测试用例 ************************
