2022-03-06 11:38:42,977 - config.doExcel - INFO - 开始获取[elementDate.xlsx]的[elementsInfo]表
2022-03-06 11:38:42,992 - config.doExcel - INFO - 开始获取[elementDate.xlsx]的[loginData]表
2022-03-06 11:38:42,992 - config.doExcel - INFO - 创建表[loginData]的数据字典
2022-03-06 11:38:44,289 - common.myUnit - INFO - 打开浏览器
2022-03-06 11:38:44,289 - common.myUnit - INFO - ************************ 开始执行测试用例 ************************
2022-03-06 11:38:44,633 - pageObject.basePage - INFO - 成功进入http://127.0.0.1:8081/login 
2022-03-06 11:38:44,784 - pageObject.basePage - INFO - http://127.0.0.1:8081/login 加载成功!
2022-03-06 11:38:44,785 - testLogin - INFO -    *** 登录测试用例：loginTest-01 开启密码登陆的教师账号和正确的密码 ***
2022-03-06 11:38:44,948 - pageObject.basePage - INFO - 输入 [admin]
2022-03-06 11:38:45,040 - pageObject.basePage - INFO - 输入 [123456]
2022-03-06 11:38:45,437 - pageObject.basePage - INFO - 点击Sign in
2022-03-06 11:38:46,980 - testLogin - INFO - 登录测试用例 loginTest-01 测试用例通过！
2022-03-06 11:38:47,683 - common.myUnit - INFO - ************************ 测试用例执行结束 ************************
2022-03-06 11:38:47,683 - common.myUnit - INFO - ************************ 开始执行测试用例 ************************
2022-03-06 11:38:48,068 - pageObject.basePage - INFO - 成功进入http://127.0.0.1:8081/login 
2022-03-06 11:38:48,070 - pageObject.basePage - INFO - http://127.0.0.1:8081/login 加载成功!
2022-03-06 11:38:48,070 - testLogin - INFO -    *** 登录测试用例：loginTest-02 开启密码登陆的教师账号和错误的密码 ***
2022-03-06 11:38:58,608 - pageObject.basePage - ERROR - 元素定位超时：('id', 'username')
Traceback (most recent call last):
  File "D:\Software\PycharmProjects\sccProjects\pageObject\basePage.py", line 61, in findElement
    WebDriverWait(self.driver,10,0.5).until(EC.visibility_of_element_located(loc))
  File "D:\Software\python\Anaconda\lib\site-packages\selenium\webdriver\support\wait.py", line 80, in until
    raise TimeoutException(message, screen, stacktrace)
selenium.common.exceptions.TimeoutException: Message: 

2022-03-06 11:38:59,311 - common.myUnit - INFO - ************************ 测试用例执行结束 ************************
2022-03-06 11:39:01,515 - common.myUnit - INFO - 退出浏览器
