2022-03-19 00:31:26,994 - config.doExcel - INFO - 开始获取[elementDate.xlsx]的[elementsInfo]表
2022-03-19 00:31:27,045 - config.doExcel - INFO - 开始获取[elementDate.xlsx]的[elementsInfo]表
2022-03-19 00:31:27,083 - config.doExcel - INFO - 开始获取[elementDate.xlsx]的[elementsInfo]表
2022-03-19 00:31:27,102 - config.doExcel - INFO - 开始获取[elementDate.xlsx]的[sendNoticeData]表
2022-03-19 00:31:27,125 - config.doExcel - INFO - 创建表[sendNoticeData]的数据字典
2022-03-19 00:31:29,667 - common.myUnit - INFO - 打开浏览器
2022-03-19 00:31:33,062 - common.myUnit - INFO - ************************ 开始执行测试用例 ************************
2022-03-19 00:31:38,143 - common.myUnit - INFO - ************************ 测试用例执行结束 ************************
2022-03-19 00:31:38,146 - common.myUnit - INFO - ************************ 开始执行测试用例 ************************
2022-03-19 00:31:40,420 - common.myUnit - INFO - ************************ 测试用例执行结束 ************************
2022-03-19 00:31:40,542 - common.myUnit - INFO - ************************ 开始执行测试用例 ************************
2022-03-19 00:31:42,814 - common.myUnit - INFO - ************************ 测试用例执行结束 ************************
2022-03-19 00:31:42,819 - common.myUnit - INFO - ************************ 开始执行测试用例 ************************
2022-03-19 00:31:45,094 - common.myUnit - INFO - ************************ 测试用例执行结束 ************************
2022-03-19 00:31:45,096 - common.myUnit - INFO - ************************ 开始执行测试用例 ************************
2022-03-19 00:31:47,415 - common.myUnit - INFO - ************************ 测试用例执行结束 ************************
2022-03-19 00:31:47,417 - common.myUnit - INFO - ************************ 开始执行测试用例 ************************
2022-03-19 00:31:49,677 - common.myUnit - INFO - ************************ 测试用例执行结束 ************************
2022-03-19 00:31:49,678 - common.myUnit - INFO - ************************ 开始执行测试用例 ************************
2022-03-19 00:31:51,937 - common.myUnit - INFO - ************************ 测试用例执行结束 ************************
2022-03-19 00:31:51,938 - common.myUnit - INFO - ************************ 开始执行测试用例 ************************
