2022-03-13 10:19:31,456 - config.doExcel - INFO - 开始获取[elementDate.xlsx]的[elementsInfo]表
2022-03-13 10:19:31,478 - config.doExcel - INFO - 开始获取[elementDate.xlsx]的[elementsInfo]表
2022-03-13 10:19:31,492 - config.doExcel - INFO - 开始获取[elementDate.xlsx]的[createCourseData]表
2022-03-13 10:19:31,504 - config.doExcel - INFO - 创建表[createCourseData]的数据字典
2022-03-13 10:19:32,845 - common.myUnit - INFO - 打开浏览器
2022-03-13 10:19:36,027 - common.myUnit - INFO - ************************ 开始执行测试用例 ************************
2022-03-13 10:19:37,104 - common.myUnit - INFO - ************************ 测试用例执行结束 ************************
2022-03-13 10:19:37,106 - common.myUnit - INFO - ************************ 开始执行测试用例 ************************
2022-03-13 10:19:38,145 - common.myUnit - INFO - ************************ 测试用例执行结束 ************************
2022-03-13 10:19:38,146 - common.myUnit - INFO - ************************ 开始执行测试用例 ************************
2022-03-13 10:19:39,192 - common.myUnit - INFO - ************************ 测试用例执行结束 ************************
2022-03-13 10:19:39,194 - common.myUnit - INFO - ************************ 开始执行测试用例 ************************
2022-03-13 10:19:40,239 - common.myUnit - INFO - ************************ 测试用例执行结束 ************************
2022-03-13 10:19:40,241 - common.myUnit - INFO - ************************ 开始执行测试用例 ************************
2022-03-13 10:19:41,279 - common.myUnit - INFO - ************************ 测试用例执行结束 ************************
2022-03-13 10:19:41,280 - common.myUnit - INFO - ************************ 开始执行测试用例 ************************
2022-03-13 10:19:42,319 - common.myUnit - INFO - ************************ 测试用例执行结束 ************************
2022-03-13 10:19:42,321 - common.myUnit - INFO - ************************ 开始执行测试用例 ************************
2022-03-13 10:19:43,378 - common.myUnit - INFO - ************************ 测试用例执行结束 ************************
2022-03-13 10:19:43,380 - common.myUnit - INFO - ************************ 开始执行测试用例 ************************
2022-03-13 10:19:44,423 - common.myUnit - INFO - ************************ 测试用例执行结束 ************************
2022-03-13 10:19:44,426 - common.myUnit - INFO - ************************ 开始执行测试用例 ************************
2022-03-13 10:19:45,474 - common.myUnit - INFO - ************************ 测试用例执行结束 ************************
2022-03-13 10:19:45,475 - common.myUnit - INFO - ************************ 开始执行测试用例 ************************
2022-03-13 10:19:46,511 - common.myUnit - INFO - ************************ 测试用例执行结束 ************************
2022-03-13 10:19:46,512 - common.myUnit - INFO - ************************ 开始执行测试用例 ************************
2022-03-13 10:19:47,565 - common.myUnit - INFO - ************************ 测试用例执行结束 ************************
2022-03-13 10:19:47,570 - common.myUnit - INFO - ************************ 开始执行测试用例 ************************
