2022-03-20 17:18:06,951 - config.doExcel - INFO - 开始获取[elementDate.xlsx]的[elementsInfo]表
2022-03-20 17:18:07,006 - config.doExcel - INFO - 开始获取[elementDate.xlsx]的[elementsInfo]表
2022-03-20 17:18:07,027 - config.doExcel - INFO - 开始获取[elementDate.xlsx]的[elementsInfo]表
2022-03-20 17:18:07,048 - config.doExcel - INFO - 开始获取[elementDate.xlsx]的[createCourseData]表
2022-03-20 17:18:07,068 - config.doExcel - INFO - 创建表[createCourseData]的数据字典
2022-03-20 17:18:08,804 - common.myUnit - INFO - 打开浏览器
2022-03-20 17:18:13,347 - common.myUnit - INFO - ************************ 开始执行测试用例 ************************
2022-03-20 17:18:14,890 - common.myUnit - INFO - ************************ 测试用例执行结束 ************************
2022-03-20 17:18:14,891 - common.myUnit - INFO - ************************ 开始执行测试用例 ************************
2022-03-20 17:18:16,170 - common.myUnit - INFO - ************************ 测试用例执行结束 ************************
2022-03-20 17:18:16,173 - common.myUnit - INFO - ************************ 开始执行测试用例 ************************
2022-03-20 17:18:17,508 - common.myUnit - INFO - ************************ 测试用例执行结束 ************************
2022-03-20 17:18:17,508 - common.myUnit - INFO - ************************ 开始执行测试用例 ************************
2022-03-20 17:18:18,793 - common.myUnit - INFO - ************************ 测试用例执行结束 ************************
2022-03-20 17:18:18,794 - common.myUnit - INFO - ************************ 开始执行测试用例 ************************
2022-03-20 17:18:20,096 - common.myUnit - INFO - ************************ 测试用例执行结束 ************************
2022-03-20 17:18:20,096 - common.myUnit - INFO - ************************ 开始执行测试用例 ************************
2022-03-20 17:18:21,423 - common.myUnit - INFO - ************************ 测试用例执行结束 ************************
2022-03-20 17:18:21,424 - common.myUnit - INFO - ************************ 开始执行测试用例 ************************
2022-03-20 17:18:22,794 - common.myUnit - INFO - ************************ 测试用例执行结束 ************************
2022-03-20 17:18:22,795 - common.myUnit - INFO - ************************ 开始执行测试用例 ************************
2022-03-20 17:18:24,164 - common.myUnit - INFO - ************************ 测试用例执行结束 ************************
2022-03-20 17:18:24,165 - common.myUnit - INFO - ************************ 开始执行测试用例 ************************
2022-03-20 17:18:25,565 - common.myUnit - INFO - ************************ 测试用例执行结束 ************************
2022-03-20 17:18:25,567 - common.myUnit - INFO - ************************ 开始执行测试用例 ************************
2022-03-20 17:18:26,856 - common.myUnit - INFO - ************************ 测试用例执行结束 ************************
2022-03-20 17:18:26,857 - common.myUnit - INFO - ************************ 开始执行测试用例 ************************
2022-03-20 17:18:28,224 - common.myUnit - INFO - ************************ 测试用例执行结束 ************************
2022-03-20 17:18:28,224 - common.myUnit - INFO - ************************ 开始执行测试用例 ************************
