2022-03-13 01:36:40,948 - config.doExcel - INFO - 开始获取[elementDate.xlsx]的[elementsInfo]表
2022-03-13 01:36:40,969 - config.doExcel - INFO - 开始获取[elementDate.xlsx]的[elementsInfo]表
2022-03-13 01:36:40,978 - config.doExcel - INFO - 开始获取[elementDate.xlsx]的[createCourseData]表
2022-03-13 01:36:40,988 - config.doExcel - INFO - 创建表[createCourseData]的数据字典
2022-03-13 01:36:42,396 - common.myUnit - INFO - 打开浏览器
2022-03-13 01:36:45,572 - common.myUnit - INFO - ************************ 开始执行测试用例 ************************
2022-03-13 01:36:46,325 - common.myUnit - INFO - ************************ 测试用例执行结束 ************************
2022-03-13 01:36:46,332 - common.myUnit - INFO - ************************ 开始执行测试用例 ************************
2022-03-13 01:36:47,084 - common.myUnit - INFO - ************************ 测试用例执行结束 ************************
2022-03-13 01:36:47,086 - common.myUnit - INFO - ************************ 开始执行测试用例 ************************
2022-03-13 01:36:47,826 - common.myUnit - INFO - ************************ 测试用例执行结束 ************************
2022-03-13 01:36:47,827 - common.myUnit - INFO - ************************ 开始执行测试用例 ************************
2022-03-13 01:36:48,556 - common.myUnit - INFO - ************************ 测试用例执行结束 ************************
2022-03-13 01:36:48,557 - common.myUnit - INFO - ************************ 开始执行测试用例 ************************
2022-03-13 01:36:49,284 - common.myUnit - INFO - ************************ 测试用例执行结束 ************************
2022-03-13 01:36:49,286 - common.myUnit - INFO - ************************ 开始执行测试用例 ************************
2022-03-13 01:36:50,026 - common.myUnit - INFO - ************************ 测试用例执行结束 ************************
2022-03-13 01:36:50,027 - common.myUnit - INFO - ************************ 开始执行测试用例 ************************
2022-03-13 01:36:50,767 - common.myUnit - INFO - ************************ 测试用例执行结束 ************************
2022-03-13 01:36:50,768 - common.myUnit - INFO - ************************ 开始执行测试用例 ************************
2022-03-13 01:36:51,514 - common.myUnit - INFO - ************************ 测试用例执行结束 ************************
2022-03-13 01:36:51,515 - common.myUnit - INFO - ************************ 开始执行测试用例 ************************
2022-03-13 01:36:52,241 - common.myUnit - INFO - ************************ 测试用例执行结束 ************************
2022-03-13 01:36:52,245 - common.myUnit - INFO - ************************ 开始执行测试用例 ************************
2022-03-13 01:36:52,996 - common.myUnit - INFO - ************************ 测试用例执行结束 ************************
2022-03-13 01:36:52,998 - common.myUnit - INFO - ************************ 开始执行测试用例 ************************
2022-03-13 01:36:53,738 - common.myUnit - INFO - ************************ 测试用例执行结束 ************************
2022-03-13 01:36:53,742 - common.myUnit - INFO - ************************ 开始执行测试用例 ************************
2022-03-13 01:36:54,496 - common.myUnit - INFO - ************************ 测试用例执行结束 ************************
2022-03-13 01:36:54,503 - common.myUnit - INFO - ************************ 开始执行测试用例 ************************
2022-03-13 01:36:55,243 - common.myUnit - INFO - ************************ 测试用例执行结束 ************************
2022-03-13 01:36:55,244 - common.myUnit - INFO - ************************ 开始执行测试用例 ************************
2022-03-13 01:36:56,007 - common.myUnit - INFO - ************************ 测试用例执行结束 ************************
2022-03-13 01:36:56,008 - common.myUnit - INFO - ************************ 开始执行测试用例 ************************
2022-03-13 01:36:56,747 - common.myUnit - INFO - ************************ 测试用例执行结束 ************************
2022-03-13 01:36:56,749 - common.myUnit - INFO - ************************ 开始执行测试用例 ************************
2022-03-13 01:36:57,486 - common.myUnit - INFO - ************************ 测试用例执行结束 ************************
2022-03-13 01:36:57,488 - common.myUnit - INFO - ************************ 开始执行测试用例 ************************
