2022-03-14 20:47:58,863 - config.doExcel - INFO - 开始获取[elementDate.xlsx]的[elementsInfo]表
2022-03-14 20:47:58,891 - config.doExcel - INFO - 开始获取[elementDate.xlsx]的[elementsInfo]表
2022-03-14 20:47:58,909 - config.doExcel - INFO - 开始获取[elementDate.xlsx]的[elementsInfo]表
2022-03-14 20:47:58,926 - config.doExcel - INFO - 开始获取[elementDate.xlsx]的[createActionData]表
2022-03-14 20:47:58,943 - config.doExcel - INFO - 创建表[createActionData]的数据字典
2022-03-14 20:48:00,291 - common.myUnit - INFO - 打开浏览器
2022-03-14 20:48:04,911 - common.myUnit - INFO - ************************ 开始执行测试用例 ************************
2022-03-14 20:48:10,639 - common.myUnit - INFO - ************************ 测试用例执行结束 ************************
2022-03-14 20:48:10,640 - common.myUnit - INFO - ************************ 开始执行测试用例 ************************
2022-03-14 20:48:16,209 - common.myUnit - INFO - ************************ 测试用例执行结束 ************************
2022-03-14 20:48:16,211 - common.myUnit - INFO - ************************ 开始执行测试用例 ************************
2022-03-14 20:48:21,876 - common.myUnit - INFO - ************************ 测试用例执行结束 ************************
2022-03-14 20:48:21,876 - common.myUnit - INFO - ************************ 开始执行测试用例 ************************
2022-03-14 20:48:27,905 - common.myUnit - INFO - ************************ 测试用例执行结束 ************************
2022-03-14 20:48:27,907 - common.myUnit - INFO - ************************ 开始执行测试用例 ************************
2022-03-14 20:48:33,492 - common.myUnit - INFO - ************************ 测试用例执行结束 ************************
2022-03-14 20:48:33,495 - common.myUnit - INFO - ************************ 开始执行测试用例 ************************
2022-03-14 20:48:38,960 - common.myUnit - INFO - ************************ 测试用例执行结束 ************************
2022-03-14 20:48:38,960 - common.myUnit - INFO - ************************ 开始执行测试用例 ************************
2022-03-14 20:48:44,422 - common.myUnit - INFO - ************************ 测试用例执行结束 ************************
2022-03-14 20:48:44,422 - common.myUnit - INFO - ************************ 开始执行测试用例 ************************
2022-03-14 20:48:49,976 - common.myUnit - INFO - ************************ 测试用例执行结束 ************************
2022-03-14 20:48:49,977 - common.myUnit - INFO - ************************ 开始执行测试用例 ************************
2022-03-14 20:48:55,502 - common.myUnit - INFO - ************************ 测试用例执行结束 ************************
2022-03-14 20:48:55,505 - common.myUnit - INFO - ************************ 开始执行测试用例 ************************
2022-03-14 20:49:01,060 - common.myUnit - INFO - ************************ 测试用例执行结束 ************************
2022-03-14 20:49:01,065 - common.myUnit - INFO - ************************ 开始执行测试用例 ************************
2022-03-14 20:49:06,546 - common.myUnit - INFO - ************************ 测试用例执行结束 ************************
2022-03-14 20:49:06,546 - common.myUnit - INFO - ************************ 开始执行测试用例 ************************
2022-03-14 20:49:11,994 - common.myUnit - INFO - ************************ 测试用例执行结束 ************************
2022-03-14 20:49:11,996 - common.myUnit - INFO - ************************ 开始执行测试用例 ************************
2022-03-14 20:49:17,595 - common.myUnit - INFO - ************************ 测试用例执行结束 ************************
2022-03-14 20:49:17,595 - common.myUnit - INFO - ************************ 开始执行测试用例 ************************
2022-03-14 20:49:23,092 - common.myUnit - INFO - ************************ 测试用例执行结束 ************************
2022-03-14 20:49:23,093 - common.myUnit - INFO - ************************ 开始执行测试用例 ************************
2022-03-14 20:49:28,556 - common.myUnit - INFO - ************************ 测试用例执行结束 ************************
2022-03-14 20:49:28,557 - common.myUnit - INFO - ************************ 开始执行测试用例 ************************
2022-03-14 20:49:34,026 - common.myUnit - INFO - ************************ 测试用例执行结束 ************************
2022-03-14 20:49:34,027 - common.myUnit - INFO - ************************ 开始执行测试用例 ************************
2022-03-14 20:49:39,498 - common.myUnit - INFO - ************************ 测试用例执行结束 ************************
2022-03-14 20:49:39,498 - common.myUnit - INFO - ************************ 开始执行测试用例 ************************
2022-03-14 20:49:44,976 - common.myUnit - INFO - ************************ 测试用例执行结束 ************************
2022-03-14 20:49:44,979 - common.myUnit - INFO - ************************ 开始执行测试用例 ************************
2022-03-14 20:49:50,522 - common.myUnit - INFO - ************************ 测试用例执行结束 ************************
2022-03-14 20:49:50,522 - common.myUnit - INFO - ************************ 开始执行测试用例 ************************
2022-03-14 20:49:56,042 - common.myUnit - INFO - ************************ 测试用例执行结束 ************************
2022-03-14 20:49:56,043 - common.myUnit - INFO - ************************ 开始执行测试用例 ************************
2022-03-14 20:50:01,839 - common.myUnit - INFO - ************************ 测试用例执行结束 ************************
2022-03-14 20:50:01,839 - common.myUnit - INFO - ************************ 开始执行测试用例 ************************
2022-03-14 20:50:07,608 - common.myUnit - INFO - ************************ 测试用例执行结束 ************************
2022-03-14 20:50:07,609 - common.myUnit - INFO - ************************ 开始执行测试用例 ************************
2022-03-14 20:50:13,123 - common.myUnit - INFO - ************************ 测试用例执行结束 ************************
2022-03-14 20:50:13,124 - common.myUnit - INFO - ************************ 开始执行测试用例 ************************
2022-03-14 20:50:18,698 - common.myUnit - INFO - ************************ 测试用例执行结束 ************************
2022-03-14 20:50:18,700 - common.myUnit - INFO - ************************ 开始执行测试用例 ************************
2022-03-14 20:50:24,264 - common.myUnit - INFO - ************************ 测试用例执行结束 ************************
2022-03-14 20:50:24,264 - common.myUnit - INFO - ************************ 开始执行测试用例 ************************
2022-03-14 20:50:29,749 - common.myUnit - INFO - ************************ 测试用例执行结束 ************************
2022-03-14 20:50:29,749 - common.myUnit - INFO - ************************ 开始执行测试用例 ************************
2022-03-14 20:50:35,354 - common.myUnit - INFO - ************************ 测试用例执行结束 ************************
2022-03-14 20:50:35,354 - common.myUnit - INFO - ************************ 开始执行测试用例 ************************
2022-03-14 20:50:41,041 - common.myUnit - INFO - ************************ 测试用例执行结束 ************************
2022-03-14 20:50:43,339 - common.myUnit - INFO - 退出浏览器
