2022-03-14 20:44:27,138 - config.doExcel - INFO - 开始获取[elementDate.xlsx]的[elementsInfo]表
2022-03-14 20:44:27,168 - config.doExcel - INFO - 开始获取[elementDate.xlsx]的[elementsInfo]表
2022-03-14 20:44:27,188 - config.doExcel - INFO - 开始获取[elementDate.xlsx]的[elementsInfo]表
2022-03-14 20:44:27,204 - config.doExcel - INFO - 开始获取[elementDate.xlsx]的[createActionData]表
2022-03-14 20:44:27,221 - config.doExcel - INFO - 创建表[createActionData]的数据字典
2022-03-14 20:44:28,896 - common.myUnit - INFO - 打开浏览器
2022-03-14 20:44:34,873 - common.myUnit - INFO - ************************ 开始执行测试用例 ************************
2022-03-14 20:44:40,533 - common.myUnit - INFO - ************************ 测试用例执行结束 ************************
2022-03-14 20:44:40,554 - common.myUnit - INFO - ************************ 开始执行测试用例 ************************
2022-03-14 20:44:46,085 - common.myUnit - INFO - ************************ 测试用例执行结束 ************************
2022-03-14 20:44:46,086 - common.myUnit - INFO - ************************ 开始执行测试用例 ************************
2022-03-14 20:44:51,667 - common.myUnit - INFO - ************************ 测试用例执行结束 ************************
2022-03-14 20:44:51,667 - common.myUnit - INFO - ************************ 开始执行测试用例 ************************
2022-03-14 20:44:57,254 - common.myUnit - INFO - ************************ 测试用例执行结束 ************************
2022-03-14 20:44:57,256 - common.myUnit - INFO - ************************ 开始执行测试用例 ************************
2022-03-14 20:45:02,959 - common.myUnit - INFO - ************************ 测试用例执行结束 ************************
2022-03-14 20:45:03,151 - common.myUnit - INFO - ************************ 开始执行测试用例 ************************
2022-03-14 20:45:08,919 - common.myUnit - INFO - ************************ 测试用例执行结束 ************************
2022-03-14 20:45:08,920 - common.myUnit - INFO - ************************ 开始执行测试用例 ************************
2022-03-14 20:45:14,488 - common.myUnit - INFO - ************************ 测试用例执行结束 ************************
2022-03-14 20:45:14,488 - common.myUnit - INFO - ************************ 开始执行测试用例 ************************
2022-03-14 20:45:19,992 - common.myUnit - INFO - ************************ 测试用例执行结束 ************************
2022-03-14 20:45:19,993 - common.myUnit - INFO - ************************ 开始执行测试用例 ************************
2022-03-14 20:45:25,556 - common.myUnit - INFO - ************************ 测试用例执行结束 ************************
2022-03-14 20:45:25,556 - common.myUnit - INFO - ************************ 开始执行测试用例 ************************
2022-03-14 20:45:31,154 - common.myUnit - INFO - ************************ 测试用例执行结束 ************************
2022-03-14 20:45:31,155 - common.myUnit - INFO - ************************ 开始执行测试用例 ************************
2022-03-14 20:45:36,669 - common.myUnit - INFO - ************************ 测试用例执行结束 ************************
2022-03-14 20:45:36,671 - common.myUnit - INFO - ************************ 开始执行测试用例 ************************
2022-03-14 20:45:42,200 - common.myUnit - INFO - ************************ 测试用例执行结束 ************************
2022-03-14 20:45:42,201 - common.myUnit - INFO - ************************ 开始执行测试用例 ************************
2022-03-14 20:45:47,687 - common.myUnit - INFO - ************************ 测试用例执行结束 ************************
2022-03-14 20:45:47,689 - common.myUnit - INFO - ************************ 开始执行测试用例 ************************
2022-03-14 20:45:53,244 - common.myUnit - INFO - ************************ 测试用例执行结束 ************************
2022-03-14 20:45:53,245 - common.myUnit - INFO - ************************ 开始执行测试用例 ************************
2022-03-14 20:45:58,899 - common.myUnit - INFO - ************************ 测试用例执行结束 ************************
2022-03-14 20:45:58,901 - common.myUnit - INFO - ************************ 开始执行测试用例 ************************
2022-03-14 20:46:04,445 - common.myUnit - INFO - ************************ 测试用例执行结束 ************************
2022-03-14 20:46:04,451 - common.myUnit - INFO - ************************ 开始执行测试用例 ************************
2022-03-14 20:46:10,047 - common.myUnit - INFO - ************************ 测试用例执行结束 ************************
2022-03-14 20:46:10,047 - common.myUnit - INFO - ************************ 开始执行测试用例 ************************
2022-03-14 20:46:15,482 - common.myUnit - INFO - ************************ 测试用例执行结束 ************************
2022-03-14 20:46:15,484 - common.myUnit - INFO - ************************ 开始执行测试用例 ************************
2022-03-14 20:46:21,008 - common.myUnit - INFO - ************************ 测试用例执行结束 ************************
2022-03-14 20:46:21,012 - common.myUnit - INFO - ************************ 开始执行测试用例 ************************
2022-03-14 20:46:26,513 - common.myUnit - INFO - ************************ 测试用例执行结束 ************************
2022-03-14 20:46:26,515 - common.myUnit - INFO - ************************ 开始执行测试用例 ************************
2022-03-14 20:46:31,956 - common.myUnit - INFO - ************************ 测试用例执行结束 ************************
2022-03-14 20:46:31,957 - common.myUnit - INFO - ************************ 开始执行测试用例 ************************
