2022-03-13 11:00:01,006 - config.doExcel - INFO - 开始获取[elementDate.xlsx]的[elementsInfo]表
2022-03-13 11:00:01,027 - config.doExcel - INFO - 开始获取[elementDate.xlsx]的[elementsInfo]表
2022-03-13 11:00:01,038 - config.doExcel - INFO - 开始获取[elementDate.xlsx]的[createCourseData]表
2022-03-13 11:00:01,047 - config.doExcel - INFO - 创建表[createCourseData]的数据字典
2022-03-13 11:00:02,451 - common.myUnit - INFO - 打开浏览器
2022-03-13 11:00:05,441 - common.myUnit - INFO - ************************ 开始执行测试用例 ************************
2022-03-13 11:00:10,458 - common.myUnit - INFO - ************************ 测试用例执行结束 ************************
2022-03-13 11:00:10,459 - common.myUnit - INFO - ************************ 开始执行测试用例 ************************
2022-03-13 11:00:15,392 - common.myUnit - INFO - ************************ 测试用例执行结束 ************************
2022-03-13 11:00:15,393 - common.myUnit - INFO - ************************ 开始执行测试用例 ************************
2022-03-13 11:00:20,603 - common.myUnit - INFO - ************************ 测试用例执行结束 ************************
2022-03-13 11:00:20,754 - common.myUnit - INFO - ************************ 开始执行测试用例 ************************
2022-03-13 11:00:25,656 - common.myUnit - INFO - ************************ 测试用例执行结束 ************************
2022-03-13 11:00:25,659 - common.myUnit - INFO - ************************ 开始执行测试用例 ************************
2022-03-13 11:00:30,713 - common.myUnit - INFO - ************************ 测试用例执行结束 ************************
2022-03-13 11:00:30,713 - common.myUnit - INFO - ************************ 开始执行测试用例 ************************
2022-03-13 11:00:35,667 - common.myUnit - INFO - ************************ 测试用例执行结束 ************************
2022-03-13 11:00:35,668 - common.myUnit - INFO - ************************ 开始执行测试用例 ************************
2022-03-13 11:00:40,569 - common.myUnit - INFO - ************************ 测试用例执行结束 ************************
2022-03-13 11:00:40,571 - common.myUnit - INFO - ************************ 开始执行测试用例 ************************
2022-03-13 11:00:45,574 - common.myUnit - INFO - ************************ 测试用例执行结束 ************************
2022-03-13 11:00:45,577 - common.myUnit - INFO - ************************ 开始执行测试用例 ************************
2022-03-13 11:00:50,498 - common.myUnit - INFO - ************************ 测试用例执行结束 ************************
2022-03-13 11:00:50,499 - common.myUnit - INFO - ************************ 开始执行测试用例 ************************
2022-03-13 11:00:55,443 - common.myUnit - INFO - ************************ 测试用例执行结束 ************************
2022-03-13 11:00:55,449 - common.myUnit - INFO - ************************ 开始执行测试用例 ************************
2022-03-13 11:01:00,363 - common.myUnit - INFO - ************************ 测试用例执行结束 ************************
2022-03-13 11:01:00,365 - common.myUnit - INFO - ************************ 开始执行测试用例 ************************
2022-03-13 11:01:05,194 - common.myUnit - INFO - ************************ 测试用例执行结束 ************************
2022-03-13 11:01:05,197 - common.myUnit - INFO - ************************ 开始执行测试用例 ************************
2022-03-13 11:01:10,045 - common.myUnit - INFO - ************************ 测试用例执行结束 ************************
2022-03-13 11:01:10,047 - common.myUnit - INFO - ************************ 开始执行测试用例 ************************
2022-03-13 11:01:15,029 - common.myUnit - INFO - ************************ 测试用例执行结束 ************************
2022-03-13 11:01:15,030 - common.myUnit - INFO - ************************ 开始执行测试用例 ************************
2022-03-13 11:01:19,893 - common.myUnit - INFO - ************************ 测试用例执行结束 ************************
2022-03-13 11:01:19,894 - common.myUnit - INFO - ************************ 开始执行测试用例 ************************
2022-03-13 11:01:24,732 - common.myUnit - INFO - ************************ 测试用例执行结束 ************************
2022-03-13 11:01:24,733 - common.myUnit - INFO - ************************ 开始执行测试用例 ************************
2022-03-13 11:01:29,569 - common.myUnit - INFO - ************************ 测试用例执行结束 ************************
2022-03-13 11:01:29,570 - common.myUnit - INFO - ************************ 开始执行测试用例 ************************
2022-03-13 11:01:34,442 - common.myUnit - INFO - ************************ 测试用例执行结束 ************************
2022-03-13 11:01:34,444 - common.myUnit - INFO - ************************ 开始执行测试用例 ************************
