2022-03-18 17:50:13,285 - config.doExcel - INFO - 开始获取[elementDate.xlsx]的[elementsInfo]表
2022-03-18 17:50:13,874 - config.doExcel - INFO - 开始获取[elementDate.xlsx]的[elementsInfo]表
2022-03-18 17:50:13,938 - config.doExcel - INFO - 开始获取[elementDate.xlsx]的[createActionData]表
2022-03-18 17:50:13,974 - config.doExcel - INFO - 创建表[createActionData]的数据字典
2022-03-18 17:50:16,734 - common.myUnit - INFO - 打开浏览器
2022-03-18 17:50:20,958 - common.myUnit - INFO - ************************ 开始执行测试用例 ************************
2022-03-18 17:50:28,381 - common.myUnit - INFO - ************************ 测试用例执行结束 ************************
2022-03-18 17:50:28,383 - common.myUnit - INFO - ************************ 开始执行测试用例 ************************
2022-03-18 17:50:35,457 - common.myUnit - INFO - ************************ 测试用例执行结束 ************************
2022-03-18 17:50:35,459 - common.myUnit - INFO - ************************ 开始执行测试用例 ************************
2022-03-18 17:50:42,327 - common.myUnit - INFO - ************************ 测试用例执行结束 ************************
2022-03-18 17:50:42,329 - common.myUnit - INFO - ************************ 开始执行测试用例 ************************
2022-03-18 17:50:49,587 - common.myUnit - INFO - ************************ 测试用例执行结束 ************************
2022-03-18 17:50:49,590 - common.myUnit - INFO - ************************ 开始执行测试用例 ************************
2022-03-18 17:50:56,917 - common.myUnit - INFO - ************************ 测试用例执行结束 ************************
2022-03-18 17:50:57,123 - common.myUnit - INFO - ************************ 开始执行测试用例 ************************
2022-03-18 17:51:04,191 - common.myUnit - INFO - ************************ 测试用例执行结束 ************************
2022-03-18 17:51:04,193 - common.myUnit - INFO - ************************ 开始执行测试用例 ************************
2022-03-18 17:51:11,170 - common.myUnit - INFO - ************************ 测试用例执行结束 ************************
2022-03-18 17:51:11,173 - common.myUnit - INFO - ************************ 开始执行测试用例 ************************
2022-03-18 17:51:18,072 - common.myUnit - INFO - ************************ 测试用例执行结束 ************************
2022-03-18 17:51:18,075 - common.myUnit - INFO - ************************ 开始执行测试用例 ************************
