2022-03-14 16:50:10,734 - config.doExcel - INFO - 开始获取[elementDate.xlsx]的[elementsInfo]表
2022-03-14 16:50:10,943 - config.doExcel - INFO - 开始获取[elementDate.xlsx]的[elementsInfo]表
2022-03-14 16:50:10,991 - config.doExcel - INFO - 开始获取[elementDate.xlsx]的[elementsInfo]表
2022-03-14 16:50:11,008 - config.doExcel - INFO - 开始获取[elementDate.xlsx]的[createActionData]表
2022-03-14 16:50:11,026 - config.doExcel - INFO - 创建表[createActionData]的数据字典
2022-03-14 16:50:12,770 - common.myUnit - INFO - 打开浏览器
2022-03-14 16:50:19,425 - common.myUnit - INFO - ************************ 开始执行测试用例 ************************
2022-03-14 16:50:20,841 - common.myUnit - INFO - ************************ 测试用例执行结束 ************************
2022-03-14 16:50:21,211 - common.myUnit - INFO - ************************ 开始执行测试用例 ************************
2022-03-14 16:50:22,558 - common.myUnit - INFO - ************************ 测试用例执行结束 ************************
2022-03-14 16:50:22,560 - common.myUnit - INFO - ************************ 开始执行测试用例 ************************
2022-03-14 16:50:24,007 - common.myUnit - INFO - ************************ 测试用例执行结束 ************************
2022-03-14 16:50:24,012 - common.myUnit - INFO - ************************ 开始执行测试用例 ************************
2022-03-14 16:50:25,486 - common.myUnit - INFO - ************************ 测试用例执行结束 ************************
2022-03-14 16:50:25,487 - common.myUnit - INFO - ************************ 开始执行测试用例 ************************
2022-03-14 16:50:26,767 - common.myUnit - INFO - ************************ 测试用例执行结束 ************************
2022-03-14 16:50:26,768 - common.myUnit - INFO - ************************ 开始执行测试用例 ************************
2022-03-14 16:50:28,223 - common.myUnit - INFO - ************************ 测试用例执行结束 ************************
2022-03-14 16:50:28,281 - common.myUnit - INFO - ************************ 开始执行测试用例 ************************
2022-03-14 16:50:29,994 - common.myUnit - INFO - ************************ 测试用例执行结束 ************************
2022-03-14 16:50:29,999 - common.myUnit - INFO - ************************ 开始执行测试用例 ************************
