2022-03-13 01:04:12,723 - config.doExcel - INFO - 开始获取[elementDate.xlsx]的[elementsInfo]表
2022-03-13 01:04:12,743 - config.doExcel - INFO - 开始获取[elementDate.xlsx]的[elementsInfo]表
2022-03-13 01:04:12,753 - config.doExcel - INFO - 开始获取[elementDate.xlsx]的[createCourseData]表
2022-03-13 01:04:12,764 - config.doExcel - INFO - 创建表[createCourseData]的数据字典
2022-03-13 01:04:14,224 - common.myUnit - INFO - 打开浏览器
2022-03-13 01:04:17,201 - common.myUnit - INFO - ************************ 开始执行测试用例 ************************
2022-03-13 01:04:29,973 - common.myUnit - INFO - ************************ 测试用例执行结束 ************************
2022-03-13 01:04:30,142 - common.myUnit - INFO - ************************ 开始执行测试用例 ************************
2022-03-13 01:04:42,785 - common.myUnit - INFO - ************************ 测试用例执行结束 ************************
2022-03-13 01:04:42,793 - common.myUnit - INFO - ************************ 开始执行测试用例 ************************
2022-03-13 01:04:55,428 - common.myUnit - INFO - ************************ 测试用例执行结束 ************************
2022-03-13 01:04:55,430 - common.myUnit - INFO - ************************ 开始执行测试用例 ************************
2022-03-13 01:05:08,128 - common.myUnit - INFO - ************************ 测试用例执行结束 ************************
2022-03-13 01:05:08,130 - common.myUnit - INFO - ************************ 开始执行测试用例 ************************
2022-03-13 01:05:20,760 - common.myUnit - INFO - ************************ 测试用例执行结束 ************************
2022-03-13 01:05:20,761 - common.myUnit - INFO - ************************ 开始执行测试用例 ************************
2022-03-13 01:05:33,384 - common.myUnit - INFO - ************************ 测试用例执行结束 ************************
2022-03-13 01:05:33,389 - common.myUnit - INFO - ************************ 开始执行测试用例 ************************
2022-03-13 01:05:46,023 - common.myUnit - INFO - ************************ 测试用例执行结束 ************************
2022-03-13 01:05:46,027 - common.myUnit - INFO - ************************ 开始执行测试用例 ************************
2022-03-13 01:05:58,633 - common.myUnit - INFO - ************************ 测试用例执行结束 ************************
2022-03-13 01:05:58,635 - common.myUnit - INFO - ************************ 开始执行测试用例 ************************
2022-03-13 01:06:11,250 - common.myUnit - INFO - ************************ 测试用例执行结束 ************************
2022-03-13 01:06:11,251 - common.myUnit - INFO - ************************ 开始执行测试用例 ************************
2022-03-13 01:06:23,920 - common.myUnit - INFO - ************************ 测试用例执行结束 ************************
2022-03-13 01:06:23,927 - common.myUnit - INFO - ************************ 开始执行测试用例 ************************
2022-03-13 01:06:36,507 - common.myUnit - INFO - ************************ 测试用例执行结束 ************************
2022-03-13 01:06:36,512 - common.myUnit - INFO - ************************ 开始执行测试用例 ************************
2022-03-13 01:06:49,133 - common.myUnit - INFO - ************************ 测试用例执行结束 ************************
2022-03-13 01:06:49,135 - common.myUnit - INFO - ************************ 开始执行测试用例 ************************
2022-03-13 01:07:01,766 - common.myUnit - INFO - ************************ 测试用例执行结束 ************************
2022-03-13 01:07:01,767 - common.myUnit - INFO - ************************ 开始执行测试用例 ************************
2022-03-13 01:07:14,476 - common.myUnit - INFO - ************************ 测试用例执行结束 ************************
2022-03-13 01:07:14,478 - common.myUnit - INFO - ************************ 开始执行测试用例 ************************
2022-03-13 01:07:27,337 - common.myUnit - INFO - ************************ 测试用例执行结束 ************************
2022-03-13 01:07:27,338 - common.myUnit - INFO - ************************ 开始执行测试用例 ************************
2022-03-13 01:07:39,990 - common.myUnit - INFO - ************************ 测试用例执行结束 ************************
2022-03-13 01:07:39,992 - common.myUnit - INFO - ************************ 开始执行测试用例 ************************
2022-03-13 01:07:52,630 - common.myUnit - INFO - ************************ 测试用例执行结束 ************************
2022-03-13 01:07:52,631 - common.myUnit - INFO - ************************ 开始执行测试用例 ************************
2022-03-13 01:08:05,252 - common.myUnit - INFO - ************************ 测试用例执行结束 ************************
2022-03-13 01:08:05,259 - common.myUnit - INFO - ************************ 开始执行测试用例 ************************
2022-03-13 01:08:17,964 - common.myUnit - INFO - ************************ 测试用例执行结束 ************************
2022-03-13 01:08:17,970 - common.myUnit - INFO - ************************ 开始执行测试用例 ************************
2022-03-13 01:08:30,623 - common.myUnit - INFO - ************************ 测试用例执行结束 ************************
2022-03-13 01:08:30,627 - common.myUnit - INFO - ************************ 开始执行测试用例 ************************
2022-03-13 01:08:43,231 - common.myUnit - INFO - ************************ 测试用例执行结束 ************************
2022-03-13 01:08:43,234 - common.myUnit - INFO - ************************ 开始执行测试用例 ************************
2022-03-13 01:08:55,858 - common.myUnit - INFO - ************************ 测试用例执行结束 ************************
2022-03-13 01:08:55,864 - common.myUnit - INFO - ************************ 开始执行测试用例 ************************
2022-03-13 01:09:08,591 - common.myUnit - INFO - ************************ 测试用例执行结束 ************************
2022-03-13 01:09:08,592 - common.myUnit - INFO - ************************ 开始执行测试用例 ************************
2022-03-13 01:09:21,294 - common.myUnit - INFO - ************************ 测试用例执行结束 ************************
2022-03-13 01:09:21,298 - common.myUnit - INFO - ************************ 开始执行测试用例 ************************
2022-03-13 01:09:33,986 - common.myUnit - INFO - ************************ 测试用例执行结束 ************************
2022-03-13 01:09:36,293 - common.myUnit - INFO - 退出浏览器
