2022-03-19 00:56:25,500 - config.doExcel - INFO - 开始获取[elementDate.xlsx]的[elementsInfo]表
2022-03-19 00:56:25,530 - config.doExcel - INFO - 开始获取[elementDate.xlsx]的[elementsInfo]表
2022-03-19 00:56:25,551 - config.doExcel - INFO - 开始获取[elementDate.xlsx]的[elementsInfo]表
2022-03-19 00:56:25,571 - config.doExcel - INFO - 开始获取[elementDate.xlsx]的[sendNoticeData]表
2022-03-19 00:56:25,590 - config.doExcel - INFO - 创建表[sendNoticeData]的数据字典
2022-03-19 00:56:26,897 - common.myUnit - INFO - 打开浏览器
2022-03-19 00:56:36,382 - common.myUnit - INFO - ************************ 开始执行测试用例 ************************
2022-03-19 00:56:41,720 - common.myUnit - INFO - ************************ 测试用例执行结束 ************************
2022-03-19 00:56:42,017 - common.myUnit - INFO - ************************ 开始执行测试用例 ************************
2022-03-19 00:56:44,266 - common.myUnit - INFO - ************************ 测试用例执行结束 ************************
2022-03-19 00:56:44,267 - common.myUnit - INFO - ************************ 开始执行测试用例 ************************
2022-03-19 00:56:46,575 - common.myUnit - INFO - ************************ 测试用例执行结束 ************************
2022-03-19 00:56:46,579 - common.myUnit - INFO - ************************ 开始执行测试用例 ************************
2022-03-19 00:56:48,875 - common.myUnit - INFO - ************************ 测试用例执行结束 ************************
2022-03-19 00:56:48,881 - common.myUnit - INFO - ************************ 开始执行测试用例 ************************
2022-03-19 00:56:51,136 - common.myUnit - INFO - ************************ 测试用例执行结束 ************************
2022-03-19 00:56:51,137 - common.myUnit - INFO - ************************ 开始执行测试用例 ************************
2022-03-19 00:56:53,393 - common.myUnit - INFO - ************************ 测试用例执行结束 ************************
2022-03-19 00:56:53,395 - common.myUnit - INFO - ************************ 开始执行测试用例 ************************
2022-03-19 00:56:55,701 - common.myUnit - INFO - ************************ 测试用例执行结束 ************************
2022-03-19 00:56:55,702 - common.myUnit - INFO - ************************ 开始执行测试用例 ************************
2022-03-19 00:56:57,965 - common.myUnit - INFO - ************************ 测试用例执行结束 ************************
2022-03-19 00:56:57,966 - common.myUnit - INFO - ************************ 开始执行测试用例 ************************
