2022-03-26 23:04:28,506 - config.doExcel - INFO - 开始获取[elementDate.xlsx]的[elementsInfo]表
2022-03-26 23:04:28,567 - config.doExcel - INFO - 开始获取[elementDate.xlsx]的[elementsInfo]表
2022-03-26 23:04:28,590 - config.doExcel - INFO - 开始获取[elementDate.xlsx]的[elementsInfo]表
2022-03-26 23:04:28,620 - config.doExcel - INFO - 开始获取[elementDate.xlsx]的[elementsInfo]表
2022-03-26 23:04:28,643 - config.doExcel - INFO - 开始获取[elementDate.xlsx]的[createCourseData]表
2022-03-26 23:04:28,664 - config.doExcel - INFO - 创建表[createCourseData]的数据字典
2022-03-26 23:04:28,664 - config.doExcel - INFO - 开始获取[elementDate.xlsx]的[searchData]表
2022-03-26 23:04:28,688 - config.doExcel - INFO - 创建表[searchData]的数据字典
2022-03-26 23:04:28,689 - config.doExcel - INFO - 开始获取[elementDate.xlsx]的[auditCourseData]表
2022-03-26 23:04:28,712 - config.doExcel - INFO - 创建表[auditCourseData]的数据字典
2022-03-26 23:04:30,045 - common.myUnit - INFO - 打开浏览器
2022-03-26 23:04:33,019 - common.myUnit - INFO - ************************ 开始执行测试用例 ************************
2022-03-26 23:04:37,099 - common.myUnit - INFO - ************************ 测试用例执行结束 ************************
2022-03-26 23:04:37,100 - common.myUnit - INFO - ************************ 开始执行测试用例 ************************
2022-03-26 23:04:41,031 - common.myUnit - INFO - ************************ 测试用例执行结束 ************************
2022-03-26 23:04:41,035 - common.myUnit - INFO - ************************ 开始执行测试用例 ************************
2022-03-26 23:04:45,041 - common.myUnit - INFO - ************************ 测试用例执行结束 ************************
2022-03-26 23:04:45,191 - common.myUnit - INFO - ************************ 开始执行测试用例 ************************
2022-03-26 23:04:49,116 - common.myUnit - INFO - ************************ 测试用例执行结束 ************************
2022-03-26 23:04:49,117 - common.myUnit - INFO - ************************ 开始执行测试用例 ************************
2022-03-26 23:04:53,133 - common.myUnit - INFO - ************************ 测试用例执行结束 ************************
2022-03-26 23:04:53,134 - common.myUnit - INFO - ************************ 开始执行测试用例 ************************
2022-03-26 23:04:57,068 - common.myUnit - INFO - ************************ 测试用例执行结束 ************************
2022-03-26 23:04:57,070 - common.myUnit - INFO - ************************ 开始执行测试用例 ************************
2022-03-26 23:05:01,040 - common.myUnit - INFO - ************************ 测试用例执行结束 ************************
2022-03-26 23:05:01,042 - common.myUnit - INFO - ************************ 开始执行测试用例 ************************
2022-03-26 23:05:05,057 - common.myUnit - INFO - ************************ 测试用例执行结束 ************************
2022-03-26 23:05:05,058 - common.myUnit - INFO - ************************ 开始执行测试用例 ************************
2022-03-26 23:05:09,076 - common.myUnit - INFO - ************************ 测试用例执行结束 ************************
2022-03-26 23:05:09,079 - common.myUnit - INFO - ************************ 开始执行测试用例 ************************
2022-03-26 23:05:13,052 - common.myUnit - INFO - ************************ 测试用例执行结束 ************************
2022-03-26 23:05:13,053 - common.myUnit - INFO - ************************ 开始执行测试用例 ************************
2022-03-26 23:05:16,953 - common.myUnit - INFO - ************************ 测试用例执行结束 ************************
2022-03-26 23:05:16,954 - common.myUnit - INFO - ************************ 开始执行测试用例 ************************
2022-03-26 23:05:20,818 - common.myUnit - INFO - ************************ 测试用例执行结束 ************************
2022-03-26 23:05:20,823 - common.myUnit - INFO - ************************ 开始执行测试用例 ************************
2022-03-26 23:05:24,710 - common.myUnit - INFO - ************************ 测试用例执行结束 ************************
2022-03-26 23:05:24,711 - common.myUnit - INFO - ************************ 开始执行测试用例 ************************
