2022-03-13 11:09:14,628 - config.doExcel - INFO - 开始获取[elementDate.xlsx]的[elementsInfo]表
2022-03-13 11:09:14,835 - config.doExcel - INFO - 开始获取[elementDate.xlsx]的[elementsInfo]表
2022-03-13 11:09:14,848 - config.doExcel - INFO - 开始获取[elementDate.xlsx]的[createCourseData]表
2022-03-13 11:09:14,859 - config.doExcel - INFO - 创建表[createCourseData]的数据字典
2022-03-13 11:09:16,398 - common.myUnit - INFO - 打开浏览器
2022-03-13 11:09:19,819 - common.myUnit - INFO - ************************ 开始执行测试用例 ************************
2022-03-13 11:09:24,901 - common.myUnit - INFO - ************************ 测试用例执行结束 ************************
2022-03-13 11:09:24,903 - common.myUnit - INFO - ************************ 开始执行测试用例 ************************
2022-03-13 11:09:25,608 - common.myUnit - INFO - ************************ 测试用例执行结束 ************************
2022-03-13 11:09:25,636 - common.myUnit - INFO - ************************ 开始执行测试用例 ************************
2022-03-13 11:09:30,532 - common.myUnit - INFO - ************************ 测试用例执行结束 ************************
2022-03-13 11:09:30,537 - common.myUnit - INFO - ************************ 开始执行测试用例 ************************
2022-03-13 11:09:35,690 - common.myUnit - INFO - ************************ 测试用例执行结束 ************************
2022-03-13 11:09:35,693 - common.myUnit - INFO - ************************ 开始执行测试用例 ************************
2022-03-13 11:09:36,410 - common.myUnit - INFO - ************************ 测试用例执行结束 ************************
2022-03-13 11:09:36,412 - common.myUnit - INFO - ************************ 开始执行测试用例 ************************
2022-03-13 11:09:41,419 - common.myUnit - INFO - ************************ 测试用例执行结束 ************************
2022-03-13 11:09:41,420 - common.myUnit - INFO - ************************ 开始执行测试用例 ************************
2022-03-13 11:09:42,139 - common.myUnit - INFO - ************************ 测试用例执行结束 ************************
2022-03-13 11:09:42,141 - common.myUnit - INFO - ************************ 开始执行测试用例 ************************
2022-03-13 11:09:47,096 - common.myUnit - INFO - ************************ 测试用例执行结束 ************************
2022-03-13 11:09:47,097 - common.myUnit - INFO - ************************ 开始执行测试用例 ************************
2022-03-13 11:09:47,816 - common.myUnit - INFO - ************************ 测试用例执行结束 ************************
2022-03-13 11:09:47,821 - common.myUnit - INFO - ************************ 开始执行测试用例 ************************
2022-03-13 11:09:52,742 - common.myUnit - INFO - ************************ 测试用例执行结束 ************************
2022-03-13 11:09:52,744 - common.myUnit - INFO - ************************ 开始执行测试用例 ************************
2022-03-13 11:09:57,958 - common.myUnit - INFO - ************************ 测试用例执行结束 ************************
2022-03-13 11:09:57,959 - common.myUnit - INFO - ************************ 开始执行测试用例 ************************
