2022-03-26 22:17:28,005 - config.doExcel - INFO - 开始获取[elementDate.xlsx]的[elementsInfo]表
2022-03-26 22:17:28,067 - config.doExcel - INFO - 开始获取[elementDate.xlsx]的[elementsInfo]表
2022-03-26 22:17:28,092 - config.doExcel - INFO - 开始获取[elementDate.xlsx]的[elementsInfo]表
2022-03-26 22:17:28,129 - config.doExcel - INFO - 开始获取[elementDate.xlsx]的[elementsInfo]表
2022-03-26 22:17:28,155 - config.doExcel - INFO - 开始获取[elementDate.xlsx]的[createCourseData]表
2022-03-26 22:17:28,176 - config.doExcel - INFO - 创建表[createCourseData]的数据字典
2022-03-26 22:17:28,177 - config.doExcel - INFO - 开始获取[elementDate.xlsx]的[searchData]表
2022-03-26 22:17:28,198 - config.doExcel - INFO - 创建表[searchData]的数据字典
2022-03-26 22:17:28,200 - config.doExcel - INFO - 开始获取[elementDate.xlsx]的[auditCourseData]表
2022-03-26 22:17:28,225 - config.doExcel - INFO - 创建表[auditCourseData]的数据字典
2022-03-26 22:17:29,569 - common.myUnit - INFO - 打开浏览器
2022-03-26 22:17:33,194 - common.myUnit - INFO - ************************ 开始执行测试用例 ************************
2022-03-26 22:17:37,212 - common.myUnit - INFO - ************************ 测试用例执行结束 ************************
2022-03-26 22:17:37,213 - common.myUnit - INFO - ************************ 开始执行测试用例 ************************
2022-03-26 22:17:41,066 - common.myUnit - INFO - ************************ 测试用例执行结束 ************************
2022-03-26 22:17:41,066 - common.myUnit - INFO - ************************ 开始执行测试用例 ************************
2022-03-26 22:17:44,984 - common.myUnit - INFO - ************************ 测试用例执行结束 ************************
2022-03-26 22:17:45,196 - common.myUnit - INFO - ************************ 开始执行测试用例 ************************
2022-03-26 22:17:49,083 - common.myUnit - INFO - ************************ 测试用例执行结束 ************************
2022-03-26 22:17:49,084 - common.myUnit - INFO - ************************ 开始执行测试用例 ************************
2022-03-26 22:17:53,025 - common.myUnit - INFO - ************************ 测试用例执行结束 ************************
2022-03-26 22:17:53,026 - common.myUnit - INFO - ************************ 开始执行测试用例 ************************
2022-03-26 22:17:56,943 - common.myUnit - INFO - ************************ 测试用例执行结束 ************************
2022-03-26 22:17:56,944 - common.myUnit - INFO - ************************ 开始执行测试用例 ************************
2022-03-26 22:18:00,847 - common.myUnit - INFO - ************************ 测试用例执行结束 ************************
2022-03-26 22:18:00,848 - common.myUnit - INFO - ************************ 开始执行测试用例 ************************
2022-03-26 22:18:04,789 - common.myUnit - INFO - ************************ 测试用例执行结束 ************************
2022-03-26 22:18:04,791 - common.myUnit - INFO - ************************ 开始执行测试用例 ************************
2022-03-26 22:18:08,826 - common.myUnit - INFO - ************************ 测试用例执行结束 ************************
2022-03-26 22:18:08,829 - common.myUnit - INFO - ************************ 开始执行测试用例 ************************
2022-03-26 22:18:12,829 - common.myUnit - INFO - ************************ 测试用例执行结束 ************************
2022-03-26 22:18:12,835 - common.myUnit - INFO - ************************ 开始执行测试用例 ************************
2022-03-26 22:18:16,722 - common.myUnit - INFO - ************************ 测试用例执行结束 ************************
2022-03-26 22:18:16,728 - common.myUnit - INFO - ************************ 开始执行测试用例 ************************
2022-03-26 22:18:20,719 - common.myUnit - INFO - ************************ 测试用例执行结束 ************************
2022-03-26 22:18:20,719 - common.myUnit - INFO - ************************ 开始执行测试用例 ************************
