2022-03-13 01:02:17,214 - config.doExcel - INFO - 开始获取[elementDate.xlsx]的[elementsInfo]表
2022-03-13 01:02:18,020 - config.doExcel - INFO - 开始获取[elementDate.xlsx]的[elementsInfo]表
2022-03-13 01:02:18,029 - config.doExcel - INFO - 开始获取[elementDate.xlsx]的[createCourseData]表
2022-03-13 01:02:18,040 - config.doExcel - INFO - 创建表[createCourseData]的数据字典
2022-03-13 01:02:19,397 - common.myUnit - INFO - 打开浏览器
2022-03-13 01:02:22,750 - common.myUnit - INFO - ************************ 开始执行测试用例 ************************
2022-03-13 01:02:23,465 - common.myUnit - INFO - ************************ 测试用例执行结束 ************************
2022-03-13 01:02:23,525 - common.myUnit - INFO - ************************ 开始执行测试用例 ************************
2022-03-13 01:02:24,226 - common.myUnit - INFO - ************************ 测试用例执行结束 ************************
2022-03-13 01:02:24,228 - common.myUnit - INFO - ************************ 开始执行测试用例 ************************
2022-03-13 01:02:24,936 - common.myUnit - INFO - ************************ 测试用例执行结束 ************************
2022-03-13 01:02:24,937 - common.myUnit - INFO - ************************ 开始执行测试用例 ************************
2022-03-13 01:02:25,647 - common.myUnit - INFO - ************************ 测试用例执行结束 ************************
2022-03-13 01:02:25,648 - common.myUnit - INFO - ************************ 开始执行测试用例 ************************
2022-03-13 01:02:26,351 - common.myUnit - INFO - ************************ 测试用例执行结束 ************************
2022-03-13 01:02:26,352 - common.myUnit - INFO - ************************ 开始执行测试用例 ************************
2022-03-13 01:02:27,054 - common.myUnit - INFO - ************************ 测试用例执行结束 ************************
2022-03-13 01:02:27,055 - common.myUnit - INFO - ************************ 开始执行测试用例 ************************
2022-03-13 01:02:27,760 - common.myUnit - INFO - ************************ 测试用例执行结束 ************************
2022-03-13 01:02:27,761 - common.myUnit - INFO - ************************ 开始执行测试用例 ************************
2022-03-13 01:02:28,467 - common.myUnit - INFO - ************************ 测试用例执行结束 ************************
2022-03-13 01:02:28,468 - common.myUnit - INFO - ************************ 开始执行测试用例 ************************
2022-03-13 01:02:29,178 - common.myUnit - INFO - ************************ 测试用例执行结束 ************************
2022-03-13 01:02:29,183 - common.myUnit - INFO - ************************ 开始执行测试用例 ************************
2022-03-13 01:02:29,889 - common.myUnit - INFO - ************************ 测试用例执行结束 ************************
2022-03-13 01:02:29,890 - common.myUnit - INFO - ************************ 开始执行测试用例 ************************
2022-03-13 01:02:30,597 - common.myUnit - INFO - ************************ 测试用例执行结束 ************************
2022-03-13 01:02:30,602 - common.myUnit - INFO - ************************ 开始执行测试用例 ************************
2022-03-13 01:02:31,315 - common.myUnit - INFO - ************************ 测试用例执行结束 ************************
2022-03-13 01:02:31,316 - common.myUnit - INFO - ************************ 开始执行测试用例 ************************
2022-03-13 01:02:32,022 - common.myUnit - INFO - ************************ 测试用例执行结束 ************************
2022-03-13 01:02:32,024 - common.myUnit - INFO - ************************ 开始执行测试用例 ************************
2022-03-13 01:02:32,731 - common.myUnit - INFO - ************************ 测试用例执行结束 ************************
2022-03-13 01:02:32,732 - common.myUnit - INFO - ************************ 开始执行测试用例 ************************
2022-03-13 01:02:33,437 - common.myUnit - INFO - ************************ 测试用例执行结束 ************************
2022-03-13 01:02:33,438 - common.myUnit - INFO - ************************ 开始执行测试用例 ************************
2022-03-13 01:02:34,146 - common.myUnit - INFO - ************************ 测试用例执行结束 ************************
2022-03-13 01:02:34,148 - common.myUnit - INFO - ************************ 开始执行测试用例 ************************
2022-03-13 01:02:34,855 - common.myUnit - INFO - ************************ 测试用例执行结束 ************************
2022-03-13 01:02:34,856 - common.myUnit - INFO - ************************ 开始执行测试用例 ************************
2022-03-13 01:02:35,556 - common.myUnit - INFO - ************************ 测试用例执行结束 ************************
2022-03-13 01:02:35,562 - common.myUnit - INFO - ************************ 开始执行测试用例 ************************
2022-03-13 01:02:36,265 - common.myUnit - INFO - ************************ 测试用例执行结束 ************************
2022-03-13 01:02:36,267 - common.myUnit - INFO - ************************ 开始执行测试用例 ************************
2022-03-13 01:02:36,971 - common.myUnit - INFO - ************************ 测试用例执行结束 ************************
2022-03-13 01:02:36,972 - common.myUnit - INFO - ************************ 开始执行测试用例 ************************
2022-03-13 01:02:37,675 - common.myUnit - INFO - ************************ 测试用例执行结束 ************************
2022-03-13 01:02:37,676 - common.myUnit - INFO - ************************ 开始执行测试用例 ************************
2022-03-13 01:02:38,382 - common.myUnit - INFO - ************************ 测试用例执行结束 ************************
2022-03-13 01:02:38,382 - common.myUnit - INFO - ************************ 开始执行测试用例 ************************
2022-03-13 01:02:39,089 - common.myUnit - INFO - ************************ 测试用例执行结束 ************************
2022-03-13 01:02:39,094 - common.myUnit - INFO - ************************ 开始执行测试用例 ************************
2022-03-13 01:02:39,801 - common.myUnit - INFO - ************************ 测试用例执行结束 ************************
2022-03-13 01:02:39,802 - common.myUnit - INFO - ************************ 开始执行测试用例 ************************
2022-03-13 01:02:40,513 - common.myUnit - INFO - ************************ 测试用例执行结束 ************************
2022-03-13 01:02:42,682 - common.myUnit - INFO - 退出浏览器
