2022-03-26 19:04:29,208 - config.doExcel - INFO - 开始获取[elementDate.xlsx]的[elementsInfo]表
2022-03-26 19:04:29,275 - config.doExcel - INFO - 开始获取[elementDate.xlsx]的[elementsInfo]表
2022-03-26 19:04:29,297 - config.doExcel - INFO - 开始获取[elementDate.xlsx]的[elementsInfo]表
2022-03-26 19:04:29,330 - config.doExcel - INFO - 开始获取[elementDate.xlsx]的[elementsInfo]表
2022-03-26 19:04:29,351 - config.doExcel - INFO - 开始获取[elementDate.xlsx]的[createCourseData]表
2022-03-26 19:04:29,374 - config.doExcel - INFO - 创建表[createCourseData]的数据字典
2022-03-26 19:04:29,374 - config.doExcel - INFO - 开始获取[elementDate.xlsx]的[searchData]表
2022-03-26 19:04:29,394 - config.doExcel - INFO - 创建表[searchData]的数据字典
2022-03-26 19:04:29,396 - config.doExcel - INFO - 开始获取[elementDate.xlsx]的[auditCourseData]表
2022-03-26 19:04:29,419 - config.doExcel - ERROR - 获取工作表[auditCourseData]失败
Traceback (most recent call last):
  File "D:\Software\python\Anaconda\lib\site-packages\xlrd\book.py", line 474, in sheet_by_name
    sheetx = self._sheet_names.index(sheet_name)
ValueError: 'auditCourseData' is not in list

During handling of the above exception, another exception occurred:

Traceback (most recent call last):
  File "D:\Software\PycharmProjects\sccProjects\config\doExcel.py", line 18, in __init__
    self.sheetName = self.workBook.sheet_by_name(sheetName) #获取名字为sheetName的工作表
  File "D:\Software\python\Anaconda\lib\site-packages\xlrd\book.py", line 476, in sheet_by_name
    raise XLRDError('No sheet named <%r>' % sheet_name)
xlrd.biffh.XLRDError: No sheet named <'auditCourseData'>
2022-03-26 19:04:52,154 - config.doExcel - INFO - 开始获取[elementDate.xlsx]的[elementsInfo]表
2022-03-26 19:04:52,216 - config.doExcel - INFO - 开始获取[elementDate.xlsx]的[elementsInfo]表
2022-03-26 19:04:52,238 - config.doExcel - INFO - 开始获取[elementDate.xlsx]的[elementsInfo]表
2022-03-26 19:04:52,269 - config.doExcel - INFO - 开始获取[elementDate.xlsx]的[elementsInfo]表
2022-03-26 19:04:52,290 - config.doExcel - INFO - 开始获取[elementDate.xlsx]的[createCourseData]表
2022-03-26 19:04:52,316 - config.doExcel - INFO - 创建表[createCourseData]的数据字典
2022-03-26 19:04:52,316 - config.doExcel - INFO - 开始获取[elementDate.xlsx]的[searchData]表
2022-03-26 19:04:52,337 - config.doExcel - INFO - 创建表[searchData]的数据字典
2022-03-26 19:04:53,559 - common.myUnit - INFO - 打开浏览器
2022-03-26 19:04:56,804 - common.myUnit - INFO - ************************ 开始执行测试用例 ************************
2022-03-26 19:05:00,786 - common.myUnit - INFO - ************************ 测试用例执行结束 ************************
2022-03-26 19:05:00,786 - common.myUnit - INFO - ************************ 开始执行测试用例 ************************
2022-03-26 19:05:04,664 - common.myUnit - INFO - ************************ 测试用例执行结束 ************************
2022-03-26 19:05:04,664 - common.myUnit - INFO - ************************ 开始执行测试用例 ************************
2022-03-26 19:05:08,597 - common.myUnit - INFO - ************************ 测试用例执行结束 ************************
2022-03-26 19:05:08,792 - common.myUnit - INFO - ************************ 开始执行测试用例 ************************
2022-03-26 19:05:12,666 - common.myUnit - INFO - ************************ 测试用例执行结束 ************************
2022-03-26 19:05:12,666 - common.myUnit - INFO - ************************ 开始执行测试用例 ************************
