2022-03-13 10:08:44,574 - config.doExcel - INFO - 开始获取[elementDate.xlsx]的[elementsInfo]表
2022-03-13 10:08:44,593 - config.doExcel - INFO - 开始获取[elementDate.xlsx]的[elementsInfo]表
2022-03-13 10:08:44,603 - config.doExcel - INFO - 开始获取[elementDate.xlsx]的[createCourseData]表
2022-03-13 10:08:44,612 - config.doExcel - INFO - 创建表[createCourseData]的数据字典
2022-03-13 10:08:45,979 - common.myUnit - INFO - 打开浏览器
2022-03-13 10:08:49,095 - common.myUnit - INFO - ************************ 开始执行测试用例 ************************
2022-03-13 10:08:57,195 - common.myUnit - INFO - ************************ 测试用例执行结束 ************************
2022-03-13 10:08:57,199 - common.myUnit - INFO - ************************ 开始执行测试用例 ************************
2022-03-13 10:08:57,914 - common.myUnit - INFO - ************************ 测试用例执行结束 ************************
2022-03-13 10:08:57,921 - common.myUnit - INFO - ************************ 开始执行测试用例 ************************
2022-03-13 10:08:58,635 - common.myUnit - INFO - ************************ 测试用例执行结束 ************************
2022-03-13 10:08:58,637 - common.myUnit - INFO - ************************ 开始执行测试用例 ************************
2022-03-13 10:08:59,342 - common.myUnit - INFO - ************************ 测试用例执行结束 ************************
2022-03-13 10:08:59,343 - common.myUnit - INFO - ************************ 开始执行测试用例 ************************
2022-03-13 10:09:00,051 - common.myUnit - INFO - ************************ 测试用例执行结束 ************************
2022-03-13 10:09:00,053 - common.myUnit - INFO - ************************ 开始执行测试用例 ************************
2022-03-13 10:09:00,770 - common.myUnit - INFO - ************************ 测试用例执行结束 ************************
2022-03-13 10:09:00,776 - common.myUnit - INFO - ************************ 开始执行测试用例 ************************
2022-03-13 10:09:01,492 - common.myUnit - INFO - ************************ 测试用例执行结束 ************************
2022-03-13 10:09:01,501 - common.myUnit - INFO - ************************ 开始执行测试用例 ************************
2022-03-13 10:09:02,218 - common.myUnit - INFO - ************************ 测试用例执行结束 ************************
2022-03-13 10:09:02,220 - common.myUnit - INFO - ************************ 开始执行测试用例 ************************
2022-03-13 10:09:02,925 - common.myUnit - INFO - ************************ 测试用例执行结束 ************************
2022-03-13 10:09:02,926 - common.myUnit - INFO - ************************ 开始执行测试用例 ************************
2022-03-13 10:09:03,630 - common.myUnit - INFO - ************************ 测试用例执行结束 ************************
2022-03-13 10:09:03,640 - common.myUnit - INFO - ************************ 开始执行测试用例 ************************
2022-03-13 10:09:04,347 - common.myUnit - INFO - ************************ 测试用例执行结束 ************************
2022-03-13 10:09:04,355 - common.myUnit - INFO - ************************ 开始执行测试用例 ************************
2022-03-13 10:09:05,065 - common.myUnit - INFO - ************************ 测试用例执行结束 ************************
2022-03-13 10:09:05,066 - common.myUnit - INFO - ************************ 开始执行测试用例 ************************
2022-03-13 10:09:05,775 - common.myUnit - INFO - ************************ 测试用例执行结束 ************************
2022-03-13 10:09:05,776 - common.myUnit - INFO - ************************ 开始执行测试用例 ************************
2022-03-13 10:09:06,486 - common.myUnit - INFO - ************************ 测试用例执行结束 ************************
2022-03-13 10:09:06,487 - common.myUnit - INFO - ************************ 开始执行测试用例 ************************
2022-03-13 10:09:07,202 - common.myUnit - INFO - ************************ 测试用例执行结束 ************************
2022-03-13 10:09:07,204 - common.myUnit - INFO - ************************ 开始执行测试用例 ************************
2022-03-13 10:09:07,920 - common.myUnit - INFO - ************************ 测试用例执行结束 ************************
2022-03-13 10:09:07,926 - common.myUnit - INFO - ************************ 开始执行测试用例 ************************
2022-03-13 10:09:08,633 - common.myUnit - INFO - ************************ 测试用例执行结束 ************************
2022-03-13 10:09:08,635 - common.myUnit - INFO - ************************ 开始执行测试用例 ************************
2022-03-13 10:09:09,350 - common.myUnit - INFO - ************************ 测试用例执行结束 ************************
2022-03-13 10:09:09,353 - common.myUnit - INFO - ************************ 开始执行测试用例 ************************
2022-03-13 10:09:10,054 - common.myUnit - INFO - ************************ 测试用例执行结束 ************************
2022-03-13 10:09:10,055 - common.myUnit - INFO - ************************ 开始执行测试用例 ************************
2022-03-13 10:09:10,770 - common.myUnit - INFO - ************************ 测试用例执行结束 ************************
2022-03-13 10:09:10,771 - common.myUnit - INFO - ************************ 开始执行测试用例 ************************
2022-03-13 10:09:11,481 - common.myUnit - INFO - ************************ 测试用例执行结束 ************************
2022-03-13 10:09:11,482 - common.myUnit - INFO - ************************ 开始执行测试用例 ************************
2022-03-13 10:09:12,187 - common.myUnit - INFO - ************************ 测试用例执行结束 ************************
2022-03-13 10:09:12,189 - common.myUnit - INFO - ************************ 开始执行测试用例 ************************
2022-03-13 10:09:12,906 - common.myUnit - INFO - ************************ 测试用例执行结束 ************************
2022-03-13 10:09:12,914 - common.myUnit - INFO - ************************ 开始执行测试用例 ************************
2022-03-13 10:09:13,673 - common.myUnit - INFO - ************************ 测试用例执行结束 ************************
2022-03-13 10:09:13,675 - common.myUnit - INFO - ************************ 开始执行测试用例 ************************
2022-03-13 10:09:14,382 - common.myUnit - INFO - ************************ 测试用例执行结束 ************************
