2022-03-20 21:38:02,936 - config.doExcel - INFO - 开始获取[elementDate.xlsx]的[elementsInfo]表
2022-03-20 21:38:02,968 - config.doExcel - INFO - 开始获取[elementDate.xlsx]的[elementsInfo]表
2022-03-20 21:38:03,018 - config.doExcel - INFO - 开始获取[elementDate.xlsx]的[elementsInfo]表
2022-03-20 21:38:03,048 - config.doExcel - INFO - 开始获取[elementDate.xlsx]的[createCourseData]表
2022-03-20 21:38:03,070 - config.doExcel - INFO - 创建表[createCourseData]的数据字典
2022-03-20 21:38:03,070 - config.doExcel - INFO - 开始获取[elementDate.xlsx]的[searchData]表
2022-03-20 21:38:03,090 - config.doExcel - INFO - 创建表[createCourseData]的数据字典
2022-03-20 21:38:04,544 - common.myUnit - INFO - 打开浏览器
2022-03-20 21:38:09,707 - common.myUnit - INFO - ************************ 开始执行测试用例 ************************
2022-03-20 21:38:14,501 - common.myUnit - INFO - ************************ 测试用例执行结束 ************************
2022-03-20 21:38:17,254 - common.myUnit - INFO - 退出浏览器
2022-03-20 21:38:43,901 - config.doExcel - INFO - 开始获取[elementDate.xlsx]的[elementsInfo]表
2022-03-20 21:38:43,937 - config.doExcel - INFO - 开始获取[elementDate.xlsx]的[elementsInfo]表
2022-03-20 21:38:43,989 - config.doExcel - INFO - 开始获取[elementDate.xlsx]的[elementsInfo]表
2022-03-20 21:38:44,020 - config.doExcel - INFO - 开始获取[elementDate.xlsx]的[createCourseData]表
2022-03-20 21:38:44,040 - config.doExcel - INFO - 创建表[createCourseData]的数据字典
2022-03-20 21:38:44,040 - config.doExcel - INFO - 开始获取[elementDate.xlsx]的[searchData]表
2022-03-20 21:38:44,061 - config.doExcel - INFO - 创建表[createCourseData]的数据字典
2022-03-20 21:38:45,530 - common.myUnit - INFO - 打开浏览器
2022-03-20 21:38:51,282 - common.myUnit - INFO - ************************ 开始执行测试用例 ************************
2022-03-20 21:38:56,065 - common.myUnit - INFO - ************************ 测试用例执行结束 ************************
2022-03-20 21:38:58,760 - common.myUnit - INFO - 退出浏览器
