2022-03-06 12:04:36,457 - pageObject.basePage - ERROR - basePage -63 - 元素定位超时：('xpath', '//*[@id="content"]/div[1]/nav/ul/li[2]/div')
Traceback (most recent call last):
  File "D:\Software\PycharmProjects\sccProjects\pageObject\basePage.py", line 61, in findElement
    WebDriverWait(self.driver,10).until(EC.visibility_of_element_located(loc))
  File "D:\Software\python\Anaconda\lib\site-packages\selenium\webdriver\support\wait.py", line 80, in until
    raise TimeoutException(message, screen, stacktrace)
selenium.common.exceptions.TimeoutException: Message: 

2022-03-06 12:04:36,566 - testLogin - ERROR - testLogin -58 - 登录测试用例：%s 成功进入首页，但未成功登录
Traceback (most recent call last):
  File "D:\Software\PycharmProjects\sccProjects\testCase\testLogin.py", line 47, in test_login
    self.login.clickTuichuBtn()
  File "D:\Software\PycharmProjects\sccProjects\pageObject\loginPage.py", line 71, in clickTuichuBtn
    self.click(*self.tuichu)
  File "D:\Software\PycharmProjects\sccProjects\pageObject\basePage.py", line 80, in click
    text = self.getVal(*loc)
  File "D:\Software\PycharmProjects\sccProjects\pageObject\basePage.py", line 121, in getVal
    element = self.findElement(*loc)
  File "D:\Software\PycharmProjects\sccProjects\pageObject\basePage.py", line 64, in findElement
    raise e
  File "D:\Software\PycharmProjects\sccProjects\pageObject\basePage.py", line 61, in findElement
    WebDriverWait(self.driver,10).until(EC.visibility_of_element_located(loc))
  File "D:\Software\python\Anaconda\lib\site-packages\selenium\webdriver\support\wait.py", line 80, in until
    raise TimeoutException(message, screen, stacktrace)
selenium.common.exceptions.TimeoutException: Message: 

2022-03-06 12:04:49,631 - pageObject.basePage - ERROR - basePage -63 - 元素定位超时：('id', 'username')
Traceback (most recent call last):
  File "D:\Software\PycharmProjects\sccProjects\pageObject\basePage.py", line 61, in findElement
    WebDriverWait(self.driver,10).until(EC.visibility_of_element_located(loc))
  File "D:\Software\python\Anaconda\lib\site-packages\selenium\webdriver\support\wait.py", line 80, in until
    raise TimeoutException(message, screen, stacktrace)
selenium.common.exceptions.TimeoutException: Message: 

